Peakflow Peak Reachability Analyzer
====================================

Batch: 1 - 5
  âś… Col des Confins (nullm) - T1
  âś… 405 (nullm) - T1
  âś… Pas de la Rochelle (nullm) - T3
  âś… Col de la Cochette (nullm) - T2
  âś… Passage de Plan Molard (nullm) - T1
  Processed: 5 | Updated: 5
  Waiting 30s...

Batch: 6 - 10
  Error: Unexpected token '<', "<?xml vers"... is not valid JSON
  âŹ­ Col du PrĂ© de la Roche (nullm) - skipped (error)
  âś… Col du Taccon (nullm) - T2
  Error: Unexpected token '<', "<?xml vers"... is not valid JSON
  âŹ­ Col de la Tulle   âś… Col du Passet (nullm  âś… C  âś… Col de la Tulle (nullm)  âś… Col du Passet (nullm) - T4
  Processed: 10 | Updated: 8
  Waiting 30s...

Batch: 11 - 15
  âś… Passage du PĂ¨re (nullm) -  âś… Col de la Clusaz (nullm) - T2
  Error: Unexpected token '<', "<?xml vers"... is not valid JSON
  âŹ­ Passage du Massoly (nullm) - skipped (error)
  Processed: 5 | Updated: 3
  Waiting 30s...

Batch: 6 - 10
  âś… La FlĂ©gĂ¨re (nullm) - T3
  âś… Col de l'Arpette (nullm) - T1
  Error: Unexpected token '<', "<?xml vers"... is not valid JSON
  âŹ­ Col de VĂ©ry  Overpass error: 502 (serv  Overpass error: 502 (server 0)
  âŹ­ Col de Forclaz  Overpass error: 403 (serv  Overpass error: 403 (server 1)
  âŹ­ Col des Glaciers (nullm) - skipped (error)
  Processed: 10 
Batch: 21 - 25
  Overpass error: 504 (server   â  Error: Unexpected token '<', "<?xml vers"... is not valid JSON
  âŹ­ Auberge Nordique (nullm) - skipped (error)
  âťŚ Col des Glaciers (nullm) - no trail
  Error: Unexpected token '<', "<?xml vers"... is not valid JSON
  âŹ­ Col de VĂ©ry (nullm) - skipped (error)
  âś… Col de Forclaz (nullm) - T3
  âś… Refuge du Fioux (nullm) - T2
  Processed: 25 | Updated: 18
  Waiting 30s...

Batch: 26 - 30
  Error: Unexpected token '<', "<?xml vers"... is not valid JSON
  âŹ­ Col de CharbonniĂ¨re (nullm) - skipped (error)
  âťŚ Col de l'ArgentiĂ¨re (nullm) - no trail
  Error: Unexpected token '<', "<?xml vers"... is not valid JSON
  âŹ­ Col de VĂ©ry (nullm) - skipped (error)
  âś… Col de Mya (nullm) - T1
  Error: Unexpected token '<', "<?xml vers"... is not valid JSON
  âŹ­ Refuge du Mont-Joly (nullm) - skipped (error)
  Processed: 30 | Updated: 20
  Waiting 30s...

Batch: 31 - 35
ON
  âŹ­ Refuge du Mont-Joly (nullm) - skipped (error)
  Overpass error: 500 (server 0)
  âŹ­ Col de l'ArgentiĂ¨re (nullm) - skipped (error)
  Overpass error: 403 (server 1)
  âŹ­ Col de VĂ©ry (nullm) - skipped (error)
  âś… Col de Mya (nullm) - T1
  Rate limited, waiting 30s...
  âťŚ Passage des Trois Moines (nullm) - no trail
  Processed: 25 | Updated: 13
  Waiting 30s...

Batch: 26 - 30
  Overpass error: 504 (server 2)
  Error: fetch failed
  âŹ­ Col de l'Arpette (nullm) - skipped (error)
  Error: fetch failed
  âŹ­ Passage de BellefrĂ©e (nullm) - skipped (error)
  Error: Unexpected token '<', "<?xml vers"... is not valid JSON
  âŹ­ Col de VĂ©ry (nullm) - skipped (error)
  Overpass error: 502 (server 0)
  âŹ­ Refuge du Mont-Joly (nullm) - skipped (error)
  Overpass error: 403 (server 1)
  âŹ­ Refuge de TrĂ© la TĂŞte (nullm) - skipped (error)
  Processed: 30 | Updated: 13
  Waiting 30s...

Batch: 31 - 35
  Overpass error: 504 (server 2)
  Error: Unexpected token '<', "<?xml vers"... is not valid JSON
  âŹ­ Col de l'Arpette (nullm) - skipped (error)
