=== SehenswГјrdigkeiten Import - Alpenraum ===
10 Kategorien Г— 55 Zellen

вЏі Warte 10s damit SAC-Import Overpass nicht blockiert...


рџ”Ќ рџ‘ЃпёЏ Aussichtspunkt importieren...
  вЏі Rate limit at cell 3/55, waiting 30s...
  вЏі Rate limit at cell 3/55, waiting 30s...
  вЏі Rate limit at cell 3/55, waiting 30s...
  вЏі Rate limit at cell 4/55, waiting 30s...
  вЏі Rate limit at cell 4/55, waiting 30s...
  вЏі Rate limit at cell 5/55, waiting 30s...
  вЏі Rate limit at cell 5/55, waiting 30s...
  вЏі Rate limit at cell 6/55, waiting 30s...
  вЏі Rate limit at cell 7/55, waiting 30s...
  вЏі Rate limit at cell 7/55, waiting 30s...
  вЏі Rate limit at cell 8/55, waiting 30s...
  вЏі Rate limit at cell 8/55, waiting 30s...
  вЏі Rate limit at cell 9/55, waiting 30s...
  вЏі Rate limit at cell 10/55, waiting 30s...
  вЏі Rate limit at cell 11/55, waiting 30s...
  вЏі Rate limit at cell 11/55, waiting 30s...
  вЏі Rate limit at cell 12/55, waiting 30s...
  вЏі Rate limit at cell 13/55, waiting 30s...
  вЏі Rate limit at cell 13/55, waiting 30s...
  вЏі Rate limit at cell 13/55, waiting 30s...
  вЏі Rate limit at cell 13/55, waiting 30s...
  вЏі Rate limit at cell 14/55, waiting 30s...
  вЏі Rate limit at cell 15/55, waiting 30s...
  вЏі Rate limit at cell 16/55, waiting 30s...
  вЏі Rate limit at cell 17/55, waiting 30s...
  вЏі Rate limit at cell 17/55, waiting 30s...
  вЏі Rate limit at cell 19/55, waiting 30s...
  вЏі Rate limit at cell 19/55, waiting 30s...
  вЏі Rate limit at cell 19/55, waiting 30s...
  вЏі Rate limit at cell 20/55, waiting 30s...
  вЏі Rate limit at cell 21/55, waiting 30s...
  вЏі Rate limit at cell 21/55, waiting 30s...
  вЏі Rate limit at cell 22/55, waiting 30s...
  вЏі Rate limit at cell 23/55, waiting 30s...
  вЏі Rate limit at cell 24/55, waiting 30s...
  вЏі Rate limit at cell 25/55, waiting 30s...
  вЏі Rate limit at cell 26/55, waiting 30s...
  вЏі Rate limit at cell 26/55, waiting 30s...
  вЏі Rate limit at cell 26/55, waiting 30s...
  вЏі Rate limit at cell 27/55, waiting 30s...
  вЏі Rate limit at cell 27/55, waiting 30s...
  вЏі Rate limit at cell 28/55, waiting 30s...
  вЏі Rate limit at cell 29/55, waiting 30s...
  вЏі Rate limit at cell 29/55, waiting 30s...
  вЏі Rate limit at cell 32/55, waiting 30s...
  вЏі Rate limit at cell 34/55, waiting 30s...
  вЏі Rate limit at cell 34/55, waiting 30s...
  вЏі Rate limit at cell 36/55, waiting 30s...
  вЏі Rate limit at cell 36/55, waiting 30s...
  вЏі Rate limit at cell 37/55, waiting 30s...
  вЏі Rate limit at cell 37/55, waiting 30s...
  вЏі Rate limit at cell 38/55, waiting 30s...
  вЏі Rate limit at cell 39/55, waiting 30s...
  вЏі Rate limit at cell 39/55, waiting 30s...
  вЏі Rate limit at cell 40/55, waiting 30s...
  вЏі Rate limit at cell 40/55, waiting 30s...
  вЏі Rate limit at cell 40/55, waiting 30s...
  вЏі Rate limit at cell 40/55, waiting 30s...
  вЏі Rate limit at cell 42/55, waiting 30s...
  вЏі Rate limit at cell 42/55, waiting 30s...
  вЏі Rate limit at cell 42/55, waiting 30s...
  вЏі Rate limit at cell 42/55, waiting 30s...
  вЏі Rate limit at cell 42/55, waiting 30s...
  вЏі Rate limit at cell 42/55, waiting 30s...
  вЏі Rate limit at cell 43/55, waiting 30s...
  вЏі Rate limit at cell 43/55, waiting 30s...
  вЏі Rate limit at cell 45/55, waiting 30s...
  вЏі Rate limit at cell 45/55, waiting 30s...
  вЏі Rate limit at cell 45/55, waiting 30s...
  вЏі Rate limit at cell 46/55, waiting 30s...
  вЏі Rate limit at cell 46/55, waiting 30s...
  вЏі Rate limit at cell 47/55, waiting 30s...
  вЏі Rate limit at cell 48/55, waiting 30s...
  вЏі Rate limit at cell 48/55, waiting 30s...
  вЏі Rate limit at cell 49/55, waiting 30s...
  вЏі Rate limit at cell 49/55, waiting 30s...
  вЏі Rate limit at cell 49/55, waiting 30s...
  вЏі Rate limit at cell 50/55, waiting 30s...
  вЏі Rate limit at cell 51/55, waiting 30s...
  вЏі Rate limit at cell 52/55, waiting 30s...
  вЏі Rate limit at cell 52/55, waiting 30s...
  вЏі Rate limit at cell 53/55, waiting 30s...
  вЏі Rate limit at cell 53/55, waiting 30s...
  вЏі Rate limit at cell 54/55, waiting 30s...
  вЏі Rate limit at cell 54/55, waiting 30s...
  вЏі Rate limit at cell 54/55, waiting 30s...
  вЏі Rate limit at cell 55/55, waiting 30s...
  вЏі Rate limit at cell 55/55, waiting 30s...
  рџ‘ЃпёЏ Aussichtspunkt: 28418 EintrГ¤ge

рџ”Ќ рџЊЉ Wasserfall importieren...
  вЏі Rate limit at cell 1/55, waiting 30s...
  вЏі Rate limit at cell 2/55, waiting 30s...
  вЏі Rate limit at cell 2/55, waiting 30s...
  вЏі Rate limit at cell 2/55, waiting   вЏі R  вЏі Rate limit at cell 3/55, waiting 30s...
  вЏі Rate limit at cell 3/55, waiting 30s...
  вЏі Rate limit at cell 4/55, waiting 30s  вЏ  вЏі Rate limit at cell 4/55, waiting 30s.  в  вЏі Rate limit at cell 4/55, waiting 30s..    вЏі Rate limit at cell 5/55, waiting 30s...   вЏі Rate limit at cell 7/55, waiting 30s...
  вЏі Rate limit at cell 7/55, waiting 30s...
  вЏі Rate limit at cell 8/55, waiting 30s...
  вЏі Rate limit at cell 8/55, waiting 30s...
  вЏі Rate limit at cell 8/55, waiting 30s...
  вЏі Rate limit at cell 9/55, waiting 30s...
  вЏі Rate limit at cell 9/55, waiting 30s...
  вЏі Rate limit at cell 9/55, waiting 30s...
  вЏі Rate limit at cell 11/55, waiting 30s...
  вЏі Rate limit at cell 12/55, waiting 30s...
  вЏі Rate limit at cell 13/55, waiting 30s...
  вЏі Rate limit at cell 14/55, waiting 30s...
  вЏі Rate limit at cell 14/55, waiting 30s...
  вЏі Rate limit at cell 14/55, waiting 30s...
  вЏі Rate limit at cell 16/55, waiting 30s...
  вЏі Rate limit at cell 16/55, waiting 30s...
  вЏі Rate limit at cell 18/55, waiting 30s...
  вЏі Rate limit at cell 19/55, waiting 30s...
  вЏі Rate limit at cell 19/55, waiting 30s...
  вЏі Rate limit at cell 20/55, waiting 30s...
  вЏі Rate limit at cell 21/55, waiting 30s...
  вЏі Rate limit at cell 22/55, waiting 30s...
  вЏі Rate limit at cell 24/55, waiting 30s...
  вЏі Rate limit at cell 25/55, waiting 30s...
  вЏі Rate limit at cell 25/55, waiting 30s...
  вЏі Rate limit at cell 27/55, waiting 30s...
  вЏі Rate limit at cell 27/55, waiting 30s...
  вЏі Rate limit at cell 27/55, waiting 30s...
  вЏі Rate limit at cell 27/55, waiting 30s...
  вЏі Rate limit at cell 27/55, waiting 30s...
  вЏі Rate limit at cell 29/55, waiting 30s...
  вЏі Rate limit at cell 29/55, waiting 30s...
  вЏі Rate limit at cell 30/55, waiting 30s...
  вЏі Rate limit at cell 30/55, waiting 30s...
  вЏі Rate limit at cell 31/55, waiting 30s...
  вЏі Rate limit at cell 32/55, waiting 30s...
  вЏі Rate limit at cell 32/55, waiting 30s...
  вЏі Rate limit at cell 33/55, waiting 30s...
  вЏі Rate limit at cell 34/55, waiting 30s...
  вЏі Rate limit at cell 35/55, waiting 30s...
  вЏі Rate limit at cell 36/55, waiting 30s...
  вЏі Rate limit at cell 36/55, waiting 30s...
  вЏі Rate limit at cell 37/55, waiting 30s...
  вЏі Rate limit at cell 38/55, waiting 30s...
  вЏі Rate limit at cell 40/55, waiting 30s...
  вЏі Rate limit at cell 41/55, waiting 30s...
  вЏі Rate limit at cell 43/55, waiting 30s...
  вЏі Rate limit at cell 44/55, waiting 30s...
  вЏі Rate limit at cell 44/55, waiting 30s...
  вЏі Rate limit at cell 44/55, waiting 30s...
  вЏі Rate limit at cell 45/55, waiting 30s...
  вЏі Rate limit at cell 46/55, waiting 30s...
  вЏі Rate limit at cell 46/55, waiting 30s...
  вЏі Rate limit at cell 46/55, waiting 30s...
  вЏі Rate limit at cell 46/55, waiting 30s...
  вЏі Rate limit at cell 48/55, waiting 30s...
  вЏі Rate limit at cell 48/55, waiting 30s...
  вЏі Rate limit at cell 50/55, waiting 30s...
  вЏі Rate limit at cell 50/55, waiting 30s...
  вЏі Rate limit at cell 50/55, waiting 30s...
  вЏі Rate limit at cell 51/55, waiting 30s...
  вЏі Rate limit at cell 53/55, waiting 30s...
  вЏі Rate limit at cell 53/55, waiting 30s...
  вЏі Rate limit at cell 53/55, waiting 30s...
  вЏі Rate limit at cell 53/55, waiting 30s...
  вЏі Rate limit at cell 53/55, waiting 30s...
  вЏі Rate limit at cell 53/55, waiting 30s...
  вЏі Rate limit at cell 53/55, waiting 30s...
  вЏі Rate limit at cell 53/55, waiting 30s...
  вЏі Rate limit at cell 53/55, waiting 30s...
  вЏі Rate limit at cell 53/55, waiting 30s...
  вЏі Rate limit at cell 53/55, waiting 30s...
  вЏі Rate limit at cell 54/55, waiting 30s...
  вЏі Rate limit at cell 55/55, waiting 30s...
  вЏі Rate limit at cell 55/55, waiting 30s...
  рџЊЉ Wasserfall: 7905 EintrГ¤ge

рџ”Ќ рџЏ° Burg/Schloss importieren...
  вЏі Rate limit at cell 2/55, waitin  вЏі Rat  вЏі Rate limit at cell 2/55, waiting  вЏі Rate limit at cell 21/55, waiting 30s...
  вЏі R  вЏі Rate limit at cell 3/55, waiting 3  вЏі   вЏі Rate limit at cell 3/55, waiting 30  вЏі Rate limit at cell 23/55, waiting 30s...
  вЏ  вЏі Rate limit at cell 4/55, waiting 30s.  в  вЏі Rate limit at cell 5/55, waiting 30s..    вЏі Rate limit at cell 5/55, waiting 30s...  вЏі Rate limit at cell 25/55, waiting 30s...
  вЏі Rate limit at cell 6/55, waiting 30s...
   вЏі Rate limit at cell 26/55, waiting 30s..  вЏі Rate limit at cell 7/55, waiting 30s...
  в  вЏі Rate limit at cell 27/55, waiting 30s  вЏі Rate limit at cell 9/55, waiting 30s...
  вЏі Rate limit at cell 10/55, waiting 30s...
  вЏі Rate limit at cell 10/55, waiting 30s...
  вЏі Rate limit at cell 11/55, waiting 30s...
  вЏі Rate limit at cell 11/55, waiting 30s...
  вЏі  вЏі Rate limit at cell 30/55, waiting 30  вЏі  вЏі Rate limit at cell 31/55, waiting 30  вЏі  вЏі Rate limit at cell 31/55, waiting 30  вЏі  вЏі Rate limit at cell 32/55, waiting 30  вЏі  вЏі Rate limit at cell 33/55, waiting 30  вЏі  вЏі Rate limit at cell 33/55, waiting 30  вЏі  вЏі Rate limit at cell 34/55, waiting 30  вЏі  вЏі Rate limit at cell 34/55, waiting 30  вЏі  вЏі Rate limit at cell 34/55, waiting 30  вЏі  вЏі Rate limit at cell 34/55, waiting 30  вЏі Rate limit at cell 19/55, waiting 30s...
  вЏі  вЏі Rate limit at cell 36/55, waiting 30  вЏі  вЏі Rate limit at cell 37/55, waiting 30  вЏі  вЏі Rate limit at cell 37/55, waiting 30  вЏі  вЏі Rate limit at cell 37/55, waiting 30  вЏі  вЏі Rate limit at cell 37/55, waiting 30  вЏі Rate limit at cell 23/55, waiting 30s...
  вЏі  вЏі Rate limit at cell 38/55, waiting 30  вЏі Rate limit at cell 24/55, waiting 30s...
  вЏі Rate limit at cell 24/55, waiting 30s...
  вЏі Rate limit at cell 25/55, waiting 30s...
  вЏі Rate limit at cell 25/55, waiting 30s...
  вЏі  вЏі Rate limit at cell 41/55, waiting 30  вЏі  вЏі Rate limit at cell 42/55, waiting 30  вЏі  вЏі Rate limit at cell 42/55, waiting 30  вЏі Rate limit at cell 28/55, waiting 30s...
  вЏі Rate limit at cell 29/55, waiting 30s...
  вЏі Rate limit at cell 29/55, waiting 30s...
  вЏі Rate limit at cell 29/55, waiting 30s...
  вЏі  вЏі Rate limit at cell 45/55, waiting 30  вЏі Rate limit at cell 30/55, waiting 30s...
  вЏі  вЏі Rate limit at cell 46/55, waiting 30  вЏі  вЏі Rate limit at cell 46/55, waiting 30  вЏі  вЏі Rate limit at cell 47/55, waiting 30  вЏі  вЏі Rate limit at cell 48/55, waiting 30  вЏі  вЏі Rate limit at cell 48/55, waiting 30  вЏі  вЏі Rate limit at cell 49/55, waiting 30  вЏі  вЏі Rate limit at cell 49/55, waiting 30  вЏі  вЏі Rate limit at cell 49/55, waiting 30  вЏі  вЏі Rate limit at cell 50/55, waiting 30  вЏі  вЏі Rate limit at cell 50/55, waiting 30  вЏі  вЏі Rate limit at cell 50/55, waiting 30  вЏі  вЏі Rate limit at cell 51/55, waiting 30  вЏі  вЏі Rate limit at cell 52/55, waiting 30  вЏі  вЏі Rate limit at cell 52/55, waiting 30  вЏі  вЏі Rate limit at cell 53/55, waiting 30  вЏі  вЏі Rate limit at cell 53/55, waiting 30  вЏі Rate limit at cell 40/55, waiting 30s...
  вЏі Rate limit at cell 40/55, waiting 30s...
  вЏі  вЏі Rate limit at cell 55/55, waiting 30  вЏі  вЏі Rate limit at cell 55/55, waiting 30  вЏі Rate limit at cell 41/55, waiting 30s...
  вЏі Rate limit at cell 41/55, waiting 30s...
  вЏі Rate limit at cell 42/55, waiting 30s...
  вЏі Rate limit at cell 42/55, waiting 30s...
  вЏі Rate limit at cell 42/55, waiting 30s...
  вЏі Rate limit at cell 44/55, waiting 30s...
  вЏі Rate limit at cell 44/55, waiting 30s...
  вЏі Rate limit at cell 45/55, waiting 30s...
  вЏі Rate limit at cell 45/55, waiting 30s...
  вЏі Rate limit at cell 46/55, waiting 30s...
  вЏі Rate limit at cell 46/55, waiting 30s...
  вЏі Rate limit at cell 48/55, waiting 30s...
  вЏі Rate limit at cell 48/55, waiting 30s...
  вЏі Rate limit at cell 48/55, waiting 30s...
  вЏі Rate limit at cell 48/55, waiting 30s...
  вЏі Rate limit at cell 48/55, waiting 30s...
  вЏі Rate limit at cell 49/55, waiting 30s...
  вЏі Rate limit at cell 51/55, waiting 30s...
  вЏі Rate limit at cell 51/55, waiting 30s...
  вЏі Rate limit at cell 52/55, waiting 30s...
  вЏі Rate limit at cell 53/55, waiting 30s...
  вЏі Rate limit at cell 54/55, waiting 30s...
  вЏі Rate limit at cell 55/55, waiting 30s...
  рџЏ° Burg/Schloss: 17375 EintrГ¤ge

рџ”Ќ в›Є Kapelle/Kirche impor  вЏі Rate  вЏі Rate limit at cell 1/55, waitin  вЏі Rat  вЏі Rate limit at cell 2/55, waiting  вЏі Ra  вЏі Rate limit at cell 2/55, waiting   вЏі Rate limit at cell 16/55, waiting 30s...
  вЏі Rate limit at cell 16/55, waiting 30s...
  вЏі Rate limit at cell 16/55, waiting 30s...
  вЏ  вЏі Rate limit at cell 5/55, waiting 30s.  в  вЏі Rate limit at cell 5/55, waiting 30s..  вЏі Rate limit at cell 17/55, waiting 30s...
   вЏі Rate limit at cell 6/55, waiting 30s...
  вЏі Rate limit at cell 18/55, waiting 30s...  вЏі Rate limit at cell 7/55, waiting 30s...
    вЏі Rate limit at cell 19/55, waiting 30s.  в  вЏі Rate limit at cell 20/55, waiting 30s  вЏ  вЏі Rate limit at cell 21/55, waiting 30  вЏі  вЏі Rate limit at cell 21/55, waiting 30  вЏі Rate limit at cell 13/55, waiting 30s...
  вЏі Rate limit at cell 13/55, waiting 30s...
  вЏі Rate limit at cell 13/55, waiting 30s...
  вЏі  вЏі Rate limit at cell 25/55, waiting 30  вЏі  вЏі Rate limit at cell 25/55, waiting 30  вЏі  вЏі Rate limit at cell 25/55, waiting 30  вЏі  вЏі Rate limit at cell 25/55, waiting 30  вЏі  вЏі Rate limit at cell 27/55, waiting 30  вЏі  вЏі Rate limit at cell 27/55, waiting 30  вЏі  вЏі Rate limit at cell 27/55, waiting 30  вЏі  вЏі Rate limit at cell 28/55, waiting 30  вЏі  вЏі Rate limit at cell 28/55, waiting 30  вЏі  вЏі Rate limit at cell 28/55, waiting 30  вЏі Rate limit at cell 20/55, waiting 30s...
  вЏі Rate limit at cell 20/55, waiting 30s...
  вЏі Rate limit at cell 22/55, waiting 30s...
  вЏі Rate limit at cell 22/55, waiting 30s...
  вЏі Rate limit at cell 22/55, waiting 30s...
  вЏі Rate limit at cell 24/55, waiting 30s...
  вЏі Rate limit at cell 24/55, waiting 30s...
  вЏі Rate limit at cell 25/55, waiting 30s...
  вЏі Rate limit at cell 26/55, waiting 30s...
  вЏі Rate limit at cell 27/55, waiting 30s...
  вЏі Rate limit at cell 27/55, waiting 30s...
  вЏі Rate limit at cell 28/55, waiting 30s...
  вЏі Rate limit at cell 29/55, waiting 30s...
  вЏі Rate limit at cell 29/55, waiting 30s...
  вЏі Rate limit at cell 29/55, waiting 30s...
  вЏі Rate limit at cell 29/55, waiting 30s...
  вЏі Rate limit at cell 29/55, waiting 30s...
  вЏі Rate limit at cell 30/55, waiting 30s...
  вЏі Rate limit at cell 30/55, waiting 30s...
  вЏі Rate limit at cell 31/55, waiting 30s...
  вЏі Rate limit at cell 31/55, waiting 30s...
  вЏі Rate limit at cell 32/55, waiting 30s...
  вЏі Rate limit at cell 33/55, waiting 30s...
  вЏі Rate limit at cell 33/55, waiting 30s...
  вЏі Rate limit at cell 33/55, waiting 30s...
  вЏі Rate limit at cell 33/55, waiting 30s...
  вЏі Rate limit at cell 35/55, waiting 30s...
  вЏі Rate limit at cell 35/55, waiting 30s...
  вЏі Rate limit at cell 35/55, waiting 30s...
  вЏі Rate limit at cell 35/55, waiting 30s...
  вЏі Rate limit at cell 36/55, waiting 30s...
  вЏі Rate limit at cell 36/55, waiting 30s...
  вЏі Rate limit at cell 38/55, waiting 30s...
  вЏі Rate limit at cell 38/55, waiting 30s...
  вЏі Rate limit at cell 38/55, waiting 30s...
  вЏі Rate limit at cell 39/55, waiting 30s...
  вЏі Rate limit at cell 39/55, waiting 30s...
  вЏі Rate limit at cell 41/55, waiting 30s...
  вЏі Rate limit at cell 41/55, waiting 30s...
  вЏі Rate limit at cell 42/55, waiting 30s...
  вЏі Rate limit at cell 42/55, waiting 30s...
  вЏі Rate limit at cell 42/55, waiting 30s...
  вЏі Rate limit at cell 44/55, waiting 30s...
  вЏі Rate limit at cell 46/55, waiting 30s...
  вЏі Rate limit at cell 46/55, waiting 30s...
  вЏі Rate limit at cell 47/55, waiting 30s...
  вЏі Rate limit at cell 47/55, waiting 30s...
  вЏі Rate limit at cell 49/55, waiting 30s...
  вЏі Rate limit at cell 49/55, waiting 30s...
  вЏі Rate limit at cell 50/55, waiting 30s...
  вЏі Rate limit at cell 50/55, waiting 30s...
  вЏі Rate limit at cell 52/55, waiting 30s...
  вЏі Rate limit at cell 52/55, waiting 30s...
  вЏі Rate limit at cell 52/55, waiting 30s...
  вЏі Rate limit at cell 52/55, waiting 30s...
  вЏі Rate limit at cell 53/55, waiting 30s...
  вЏі Rate limit at cell 54/55, waiting 30s...
  вЏі Rate limit at cell 55/55, waiting 30s...
  вЏі Rate limit at cell 55/55, waiting 30s...
  вЏі Rate limit at cell 55/55, waiting 30s...
  вЏі Rate limit at cell 55/55, waiting 30s...
  вЏі Rate limit at cell 55/55, waiting 30s...
  вЏі Rate limit at cell 55/55, waiting 30s...
  вЏі Rate limit at cell 55/55, waiting 30s...
  вЏі Rate limit at cell 55/55, waiting 30s...
  вЏі Rate limit at cell 55/55, waiting 30s...
  в›Є Kapelle/Kirche: 79401 EintrГ¤ge

рџ”Ќ рџ—ї Denkmal/Monument importieren...
  вЏі Rate limit at cell 2/55, waiting 30s...
  вЏі Rate limit at cell 2/55, waiting 30s...
  вЏі Rate limit at cell 3/55, waiting 30s...
  вЏі Rate limit at cell 4/55, waiting 30s...
  вЏі Rate limit at cell 4/55, waiting 30s...
  вЏі Rate limit at cell 5/55, waiting 30s...
  вЏі Rate limit at cell 6/55, waiting 30s...
  вЏі Rate limit at cell 6/55, waiting 30s...
  вЏі Rate limit at cell 7/55, waiting 30s...
  вЏі Rate limit at cell 7/55, waiting 30s...
  вЏі Rate limit at cell 8/55, waiting 30s...
  вЏі Rate limit at cell 9/55, waiting 30s...
  вЏі Rate limit at cell 9/55, waiting 30s...
  вЏі Rate limit at cell 10/55, waiting 30s...
  вЏі Rate limit at cell 12/55, waiting 30s...
  вЏі Rate limit at cell 12/55, waiting 30s...
  вЏі Rate limit at cell 12/55, waiting 30s...
  вЏі Rate limit at cell 12/55, waiting 30s...
  вЏі Rate limit at cell 12/55, waiting 30s...
  вЏі Rate limit at cell 13/55, waiting 30s...
  вЏі Rate limit at cell 13/55, waiting 30s...
  вЏі Rate limit at cell 13/55, waiting 30s...
  вЏі Rate limit at cell 13/55, waiting 30s...
  вЏі Rate limit at cell 13/55, waiting 30s...
  вЏі Rate limit at cell 13/55, waiting 30s...
  вЏі Rate limit at cell 14/55, waiting 30s...
  вЏі Rate limit at cell 14/55, waiting 30s...
  вЏі Rate limit at cell 16/55, waiting 30s...
  вЏі Rate limit at cell 16/55, waiting 30s...
  вЏі Rate limit at cell 18/55, waiting 30s...
  вЏі Rate limit at cell 18/55, waiting 30s...
  вЏі Rate limit at cell 18/55, waiting 30s...
  вЏі Rate limit at cell 18/55, waiting 30s...
  вЏі Rate limit at cell 18/55, waiting 30s...
  вЏі Rate limit at cell 19/55, waiting 30s...
  вЏі Rate limit at cell 19/55, waiting 30s...
  вЏі Rate limit at cell 19/55, waiting 30s...
  вЏі Rate limit at cell 19/55, waiting 30s...
  вЏі Rate limit at cell 20/55, waiting 30s...
  вЏі Rate limit at cell 20/55, waiting 30s...
  вЏі Rate limit at cell 20/55, waiting 30s...
  вЏі Rate limit at cell 20/55, waiting 30s...
  вЏі Rate limit at cell 20/55, waiting 30s...
  вЏі Rate limit at cell 20/55, waiting 30s...
  вЏі Rate limit at cell 20/55, waiting 30s...
  вЏі Rate limit at cell 20/55, waiting 30s...
  вЏі Rate limit at cell 20/55, waiting 30s...
  вЏі Rate limit at cell 21/55, waiting 30s...
  вЏі Rate limit at cell 21/55, waiting 30s...
  вЏі Rate limit at cell 21/55, waiting 30s...
  вЏі Rate limit at cell 21/55, waiting 30s...
  вЏі Rate limit at cell 21/55, waiting 30s...
  вЏі Rate limit at cell 22/55, waiting 30s...
  вЏі Rate limit at cell 22/55, waiting 30s...
  вЏі Rate limit at cell 22/55, waiting 30s...
  вЏі Rate limit at cell 22/55, waiting 30s...
  вЏі Rate limit at cell 22/55, waiting 30s...
  вЏі Rate limit at cell 23/55, waiting 30s...
  вЏі Rate limit at cell 23/55, waiting 30s...
  вЏі Rate limit at cell 24/55, waiting 30s...
  вЏі Rate limit at cell 24/55, waiting 30s...
  вЏі Rate limit at cell 24/55, waiting 30s...
  вЏі Rate limit at cell 25/55, waiting 30s...
  вЏі Rate limit at cell 26/55, waiting 30s...
  вЏі Rate limit at cell 26/55, waiting 30s...
  вЏі Rate limit at cell 26/55, waiting 30s...
  вЏі Rate limit at cell 27/55, waiting 30s...
  вЏі Rate limit at cell 27/55, waiting 30s...
  вЏі Rate limit at cell 27/55, waiting 30s...
  вЏі Rate limit at cell 27/55, waiting 30s...
  вЏі Rate limit at cell 29/55, waiting 30s...
  вЏі Rate limit at cell 29/55, waiting 30s...
  вЏі Rate limit at cell 30/55, waiting 30s...
  вЏі Rate limit at cell 30/55, waiting 30s...
  вЏі Rate limit at cell 30/55, waiting 30s...
  вЏі Rate limit at cell 31/55, waiting 30s...
  вЏі Rate limit at cell 31/55, waiting 30s...
  вЏі Rate limit at cell 32/55, waiting 30s...
  вЏі Rate limit at cell 32/55, waiting 30s...
  вЏі Rate limit at cell 32/55, waiting 30s...
  вЏі Rate limit at cell 32/55, waiting 30s...
  вЏі Rate limit at cell 32/55, waiting 30s...
  вЏі Rate limit at cell 34/55, waiting 30s...
  вЏі Rate limit at cell 34/55, waiting 30s...
  вЏі Rate limit at cell 36/55, waiting 30s...
  вЏі Rate limit at cell 36/55, waiting 30s...
  вЏі Rate limit at cell 37/55, waiting 30s...
  вЏі Rate limit at cell 37/55, waiting 30s...
  вЏі Rate limit at cell 37/55, waiting 30s...
  вЏі Rate limit at cell 37/55, waiting 30s...
  вЏі Rate limit at cell 38/55, waiting 30s...
  вЏі Rate limit at cell 38/55, waiting 30s...
  вЏі Rate limit at cell 39/55, waiting 30s...
  вЏі Rate limit at cell 39/55, waiting 30s...
  вЏі Rate limit at cell 40/55, waiting 30s...
  вЏі Rate limit at cell 40/55, waiting 30s...
  вЏі Rate limit at cell 40/55, waiting 30s...
  вЏі Rate limit at cell 40/55, waiting 30s...
  вЏі Rate limit at cell 41/55, waiting 30s...
  вЏі Rate limit at cell 43/55, waiting 30s...
  вЏі Rate limit at cell 43/55, waiting 30s...
  вЏі Rate limit at cell 45/55, waiting 30s...
  вЏі Rate limit at cell 45/55, waiting 30s...
  вЏі Rate limit at cell 45/55, waiting 30s...
  вЏі Rate limit at cell 47/55, waiting 30s...
  вЏі Rate limit at cell 47/55, waiting 30s...
  вЏі Rate limit at cell 47/55, waiting 30s...
  вЏі Rate limit at cell 48/55, waiting 30s...
  вЏі Rate limit at cell 49/55, waiting 30s...
  вЏі Rate limit at cell 51/55, waiting 30s...
  вЏі Rate limit at cell 52/55, waiting 30s...
  вЏі Rate limit at cell 52/55, waiting 30s...
  вЏі Rate limit at cell 52/55, waiting 30s...
  вЏі Rate limit at cell 52/55, waiting 30s...
  вЏі Rate limit at cell 53/55, waiting 30s...
  вЏі Rate limit at cell 53/55, waiting 30s...
  вЏі Rate limit at cell 54/55, waiting 30s...
  вЏі Rate limit at cell 54/55, waiting 30s...
  вЏі Rate limit at cell 54/55, waiting 30s...
  вЏі Rate limit at cell 55/55, waiting 30s...
  вЏі Rate limit at cell 55/55, waiting 30s...
  рџ—ї Denkmal/Monument: 87186 EintrГ¤ge

рџ”Ќ рџЏ›пёЏ Museum importieren...
  вЏі Rate limit at cell 1/55, waiting 30s...
  вЏі Rate limit at cell 2/55, waiting 30s...
  вЏі Rate limit at cell 2/55, waiting 30s...
  вЏі Rate limit at cell 3/55, waiting 30s...
  вЏі Rate limit at cell 3/55, waiting 30s...
  вЏі Rate limit at cell 4/55, waiting 30s...
  вЏі Rate limit at cell 5/55, waiting 30s...
  вЏі Rate limit at cell 6/55, waiting 30s...
  вЏі Rate limit at cell 6/55, waiting 30s...
  вЏі Rate limit at cell 6/55, waiting 30s...
  вЏі Rate limit at cell 6/55, waiting 30s...
  вЏі Rate limit at cell 6/55, waiting 30s...
  вЏі Rate limit at cell 7/55, waiting 30s...
  вЏі Rate limit at cell 7/55, waiting 30s...
  вЏі Rate limit at cell 8/55, waiting 30s...
  вЏі Rate limit at cell 8/55, waiting 30s...
  вЏі Rate limit at cell 8/55, waiting 30s...
  вЏі Rate limit at cell 8/55, waiting 30s...
  вЏі Rate limit at cell 9/55, waiting 30s...
  вЏі Rate limit at cell 9/55, waiting 30s...
  вЏі Rate limit at cell 9/55, waiting 30s...
  вЏі Rate limit at cell 9/55, waiting 30s...
  вЏі Rate limit at cell 10/55, waiting 30s...
  вЏі Rate limit at cell 11/55, waiting 30s...
  вЏі Rate limit at cell 11/55, waiting 30s...
  вЏі Rate limit at cell 13/55, waiting 30s...
  вЏі Rate limit at cell 13/55, waiting 30s...
  вЏі Rate limit at cell 14/55, waiting 30s...
  вЏі Rate limit at cell 14/55, waiting 30s...
  вЏі Rate limit at cell 14/55, waiting 30s...
  вЏі Rate limit at cell 16/55, waiting 30s...
  вЏі Rate limit at cell 16/55, waiting 30s...
  вЏі Rate limit at cell 18/55, waiting 30s...
  вЏі Rate limit at cell 18/55, waiting 30s...
  вЏі Rate limit at cell 18/55, waiting 30s...
  вЏі Rate limit at cell 18/55, waiting 30s...
  вЏі Rate limit at cell 19/55, waiting 30s...
  вЏі Rate limit at cell 19/55, waiting 30s...
  вЏі Rate limit at cell 19/55, waiting 30s...
  вЏі Rate limit at cell 19/55, waiting 30s...
  вЏі Rate limit at cell 19/55, waiting 30s...
  вЏі Rate limit at cell 20/55, waiting 30s...
  вЏі Rate limit at cell 21/55, waiting 30s...
  вЏі Rate limit at cell 22/55, waiting 30s...
  вЏі Rate limit at cell 22/55, waiting 30s...
  вЏі Rate limit at cell 22/55, waiting 30s...
  вЏі Rate limit at cell 22/55, waiting 30s...
  вЏі Rate limit at cell 22/55, waiting 30s...
  вЏі Rate limit at cell 22/55, waiting 30s...
  вЏі Rate limit at cell 22/55, waiting 30s...
  вЏі Rate limit at cell 24/55, waiting 30s...
  вЏі Rate limit at cell 24/55, waiting 30s...
  вЏі Rate limit at cell 24/55, waiting 30s...
  вЏі Rate limit at cell 25/55, waiting 30s...
  вЏі Rate limit at cell 26/55, waiting 30s...
  вЏі Rate limit at cell 26/55, waiting 30s...
  вЏі Rate limit at cell 28/55, waiting 30s...
  вЏі Rate limit at cell 28/55, waiting 30s...
  вЏі Rate limit at cell 29/55, waiting 30s...
  вЏі Rate limit at cell 29/55, waiting 30s...
  вЏі Rate limit at cell 30/55, waiting 30s...
  вЏі Rate limit at cell 30/55, waiting 30s...
  вЏі Rate limit at cell 30/55, waiting 30s...
  вЏі Rate limit at cell 31/55, waiting 30s...
  вЏі Rate limit at cell 31/55, waiting 30s...
  вЏі Rate limit at cell 32/55, waiting 30s...
  вЏі Rate limit at cell 32/55, waiting 30s...
  вЏі Rate limit at cell 32/55, waiting 30s...
  вЏі Rate limit at cell 33/55, waiting 30s...
  вЏі Rate limit at cell 33/55, waiting 30s...
  вЏі Rate limit at cell 33/55, waiting 30s...
  вЏі Rate limit at cell 34/55, waiting 30s...
  вЏі Rate limit at cell 34/55, waiting 30s...
  вЏі Rate limit at cell 36/55, waiting 30s...
  вЏі Rate limit at cell 36/55, waiting 30s...
  вЏі Rate limit at cell 36/55, waiting 30s...
  вЏі Rate limit at cell 38/55, waiting 30s...
  вЏі Rate limit at cell 38/55, waiting 30s...
  вЏі Rate limit at cell 40/55, waiting 30s...
  вЏі Rate limit at cell 40/55, waiting 30s...
  вЏі Rate limit at cell 40/55, waiting 30s...
  вЏі Rate limit at cell 40/55, waiting 30s...
  вЏі Rate limit at cell 42/55, waiting 30s...
  вЏі Rate limit at cell 42/55, waiting 30s...
  вЏі Rate limit at cell 42/55, waiting 30s...
  вЏі Rate limit at cell 42/55, waiting 30s...
  вЏі Rate limit at cell 42/55, waiting 30s...
  вЏі Rate limit at cell 43/55, waiting 30s...
  вЏі Rate limit at cell 43/55, waiting 30s...
  вЏі Rate limit at cell 44/55, waiting 30s...
  вЏі Rate limit at cell 44/55, waiting 30s...
  вЏі Rate limit at cell 46/55, waiting 30s...
  вЏі Rate limit at cell 46/55, waiting 30s...
  вЏі Rate limit at cell 46/55, waiting 30s...
  вЏі Rate limit at cell 46/55, waiting 30s...
  вЏі Rate limit at cell 46/55, waiting 30s...
  вЏі Rate limit at cell 46/55, waiting 30s...
  вЏі Rate limit at cell 46/55, waiting 30s...
  вЏі Rate limit at cell 47/55, waiting 30s...
  вЏі Rate limit at cell 47/55, waiting 30s...
  вЏі Rate limit at cell 48/55, waiting 30s...
  вЏі Rate limit at cell 48/55, waiting 30s...
  вЏі Rate limit at cell 48/55, waiting 30s...
  вЏі Rate limit at cell 49/55, waiting 30s...
  вЏі Rate limit at cell 49/55, waiting 30s...
  вЏі Rate limit at cell 50/55, waiting 30s...
  вЏі Rate limit at cell 50/55, waiting 30s...
  вЏі Rate limit at cell 50/55, waiting 30s...
  вЏі Rate limit at cell 50/55, waiting 30s...
  вЏі Rate limit at cell 50/55, waiting 30s...
  вЏі Rate limit at cell 50/55, waiting 30s...
  вЏі Rate limit at cell 51/55, waiting 30s...
  вЏі Rate limit at cell 51/55, waiting 30s...
  вЏі Rate limit at cell 53/55, waiting 30s...
  вЏі Rate limit at cell 53/55, waiting 30s...
  вЏі Rate limit at cell 53/55, waiting 30s...
  вЏі Rate limit at cell 55/55, waiting 30s...
  вЏі Rate limit at cell 55/55, waiting 30s...
  вЏі Rate limit at cell 55/55, waiting 30s...
  вЏі Rate limit at cell 55/55, waiting 30s...
  вЏі Rate limit at cell 55/55, waiting 30s...
  вЏі Rate limit at cell 55/55, waiting 30s...
  вЏі Rate limit at cell 55/55, waiting 30s...
  вЏі Rate limit at cell 55/55, waiting 30s...
  вЏі Rate limit at cell 55/55, waiting 30s...
  вЏі Rate limit at cell 55/55, waiting 30s...
  рџЏ›пёЏ Museum: 7384 EintrГ¤ge

рџ”Ќ рџ’§ Bergsee importieren...
  вЏі Rate limit at cell 1/55, waiting 30s...
  вЏі Rate limit at cell 1/55, waiting 30s...
  вЏі Rate limit at cell 1/55, waiting 30s...
  вЏі Rate limit at cell 2/55, waiting 30s...
  вЏі Rate limit at cell 2/55, waiting 30s...
  вЏі Rate limit at cell 3/55, waiting 30s...
  вЏі Rate limit at cell 4/55, waiting 30s...
  вЏі Rate limit at cell 4/55, waiting 30s...
  вЏі Rate limit at cell 5/55, waiting 30s...
  вЏі Rate limit at cell 5/55, waiting 30s...
  вЏі Rate limit at cell 5/55, waiting 30s...
  вЏі Rate limit at cell 6/55, waiting 30s...
  вЏі Rate limit at cell 7/55, waiting 30s...
  вЏі Rate limit at cell 7/55, waiting 30s...
  вЏі Rate limit at cell 9/55, waiting 30s...
  вЏі Rate limit at cell 9/55, waiting 30s...
  вЏі Rate limit at cell 11/55, waiting 30s...
  вЏі Rate limit at cell 11/55, waiting 30s...
  вЏі Rate limit at cell 11/55, waiting 30s...
  вЏі Rate limit at cell 11/55, waiting 30s...
  вЏі Rate limit at cell 12/55, waiting 30s...
  вЏі Rate limit at cell 12/55, waiting 30s...
  вЏі Rate limit at cell 13/55, waiting 30s...
  вЏі Rate limit at cell 13/55, waiting 30s...
  вЏі Rate limit at cell 14/55, waiting 30s...
  вЏі Rate limit at cell 14/55, waiting 30s...
  вЏі Rate limit at cell 14/55, waiting 30s...
  вЏі Rate limit at cell 15/55, waiting 30s...
  вЏі Rate limit at cell 15/55, waiting 30s...
  вЏі Rate limit at cell 15/55, waiting 30s...
  вЏі Rate limit at cell 15/55, waiting 30s...
  вЏі Rate limit at cell 15/55, waiting 30s...
  вЏі Rate limit at cell 15/55, waiting 30s...
  вЏі Rate limit at cell 15/55, waiting 30s...
  вЏі Rate limit at cell 15/55, waiting 30s...
  вЏі Rate limit at cell 15/55, waiting 30s...
  вЏі Rate limit at cell 16/55, waiting 30s...
  вЏі Rate limit at cell 16/55, waiting 30s...
  вЏі Rate limit at cell 16/55, waiting 30s...
  вЏі Rate limit at cell 16/55, waiting 30s...
  вЏі Rate limit at cell 16/55, waiting 30s...
  вЏі Rate limit at cell 16/55, waiting 30s...
  вЏі Rate limit at cell 16/55, waiting 30s...
  вЏі Rate limit at cell 16/55, waiting 30s...
  вЏі Rate limit at cell 17/55, waiting 30s...
  вЏі Rate limit at cell 18/55, waiting 30s...
  вЏі Rate limit at cell 19/55, waiting 30s...
  вЏі Rate limit at cell 19/55, waiting 30s...
  вЏі Rate limit at cell 19/55, waiting 30s...
  вЏі Rate limit at cell 19/55, waiting 30s...
  вЏі Rate limit at cell 20/55, waiting 30s...
  вЏі Rate limit at cell 21/55, waiting 30s...
  вЏі Rate limit at cell 21/55, waiting 30s...
  вЏі Rate limit at cell 21/55, waiting 30s...
  вЏі Rate limit at cell 21/55, waiting 30s...
  вЏі Rate limit at cell 21/55, waiting 30s...
  вЏі Rate limit at cell 22/55, waiting 30s...
  вЏі Rate limit at cell 22/55, waiting 30s...
  вЏі Rate limit at cell 22/55, waiting 30s...
  вЏі Rate limit at cell 22/55, waiting 30s...
  вЏі Rate limit at cell 22/55, waiting 30s...
  вЏі Rate limit at cell 23/55, waiting 30s...
  вЏі Rate limit at cell 23/55, waiting 30s...
  вЏі Rate limit at cell 25/55, waiting 30s...
  вЏі Rate limit at cell 25/55, waiting 30s...
  вЏі Rate limit at cell 27/55, waiting 30s...
  вЏі Rate limit at cell 27/55, waiting 30s...
  вЏі Rate limit at cell 28/55, waiting 30s...
  вЏі Rate limit at cell 28/55, waiting 30s...
  вЏі Rate limit at cell 28/55, waiting 30s...
  вЏі Rate limit at cell 28/55, waiting 30s...
  вЏі Rate limit at cell 29/55, waiting 30s...
  вЏі Rate limit at cell 29/55, waiting 30s...
  вЏі Rate limit at cell 29/55, waiting 30s...
  вЏі Rate limit at cell 29/55, waiting 30s...
  вЏі Rate limit at cell 29/55, waiting 30s...
  вЏі Rate limit at cell 29/55, waiting 30s...
  вЏі Rate limit at cell 29/55, waiting 30s...
  вЏі Rate limit at cell 29/55, waiting 30s...
  вЏі Rate limit at cell 29/55, waiting 30s...
  вЏі Rate limit at cell 29/55, waiting 30s...
  вЏі Rate limit at cell 29/55, waiting 30s...
  вЏі Rate limit at cell 29/55, waiting 30s...
  вЏі Rate limit at cell 29/55, waiting 30s...
  вЏі Rate limit at cell 31/55, waiting 30s...
  вЏі Rate limit at cell 31/55, waiting 30s...
  вЏі Rate limit at cell 33/55, waiting 30s...
  вЏі Rate limit at cell 33/55, waiting 30s...
  вЏі Rate limit at cell 34/55, waiting 30s...
  вЏі Rate limit at cell 34/55, waiting 30s...
  вЏі Rate limit at cell 34/55, waiting 30s...
  вЏі Rate limit at cell 34/55, waiting 30s...
  вЏі Rate limit at cell 36/55, waiting 30s...
  вЏі Rate limit at cell 36/55, waiting 30s...
  вЏі Rate limit at cell 38/55, waiting 30s...
  вЏі Rate limit at cell 38/55, waiting 30s...
  вЏі Rate limit at cell 39/55, waiting 30s...
  вЏі Rate limit at cell 39/55, waiting 30s...
  вЏі Rate limit at cell 41/55, waiting 30s...
  вЏі Rate limit at cell 41/55, waiting 30s...
  вЏі Rate limit at cell 41/55, waiting 30s...
  вЏі Rate limit at cell 42/55, waiting 30s...
  вЏі Rate limit at cell 42/55, waiting 30s...
  вЏі Rate limit at cell 44/55, waiting 30s...
  вЏі Rate limit at cell 44/55, waiting 30s...
  вЏі Rate limit at cell 46/55, waiting 30s...
  вЏі Rate limit at cell 46/55, waiting 30s...
  вЏі Rate limit at cell 46/55, waiting 30s...
  вЏі Rate limit at cell 46/55, waiting 30s...
  вЏі Rate limit at cell 47/55, waiting 30s...
  вЏі Rate limit at cell 47/55, waiting 30s...
  вЏі Rate limit at cell 47/55, waiting 30s...
  вЏі Rate limit at cell 47/55, waiting 30s...
  вЏі Rate limit at cell 47/55, waiting 30s...
  вЏі Rate limit at cell 48/55, waiting 30s...
  вЏі Rate limit at cell 48/55, waiting 30s...
  вЏі Rate limit at cell 48/55, waiting 30s...
  вЏі Rate limit at cell 48/55, waiting 30s...
  вЏі Rate limit at cell 48/55, waiting 30s...
  вЏі Rate limit at cell 48/55, waiting 30s...
  вЏі Rate limit at cell 50/55, waiting 30s...
  вЏі Rate limit at cell 50/55, waiting 30s...
  вЏі Rate limit at cell 51/55, waiting 30s...
  вЏі Rate limit at cell 51/55, waiting 30s...
  вЏі Rate limit at cell 51/55, waiting 30s...
  вЏі Rate limit at cell 52/55, waiting 30s...
  вЏі Rate limit at cell 52/55, waiting 30s...
  вЏі Rate limit at cell 53/55, waiting 30s...
  вЏі Rate limit at cell 54/55, waiting 30s...
  вЏі Rate limit at cell 54/55, waiting 30s...
  вЏі Rate limit at cell 54/55, waiting 30s...
  вЏі Rate limit at cell 54/55, waiting 30s...
  вЏі Rate limit at cell 54/55, waiting 30s...
  вЏі Rate limit at cell 55/55, waiting 30s...
  вЏі Rate limit at cell 55/55, waiting 30s...
  рџ’§ Bergsee: 16684 EintrГ¤ge

рџ”Ќ рџ•іпёЏ HГ¶hle importieren...
  вЏі Rate limit at cell 2/55, waiting 30s...
  вЏі Rate limit at cell 2/55, waiting 30s...
  вЏі Rate limit at cell 2/55, waiting 30s...
  вЏі Rate limit at cell 2/55, waiting 30s...
  вЏі Rate limit at cell 2/55, waiting 30s...
  вЏі Rate limit at cell 2/55, waiting 30s...
  вЏі Rate limit at cell 2/55, waiting 30s...
  вЏі Rate limit at cell 2/55, waiting 30s...
  вЏі Rate limit at cell 3/55, waiting 30s...
  вЏі Rate limit at cell 3/55, waiting 30s...
  вЏі Rate limit at cell 4/55, waiting 30s...
  вЏі Rate limit at cell 4/55, waiting 30s...
  вЏі Rate limit at cell 4/55, waiting 30s...
  вЏі Rate limit at cell 5/55, waiting 30s...
  вЏі Rate limit at cell 5/55, waiting 30s...
  вЏі Rate limit at cell 6/55, waiting 30s...
  вЏі Rate limit at cell 7/55, waiting 30s...
  вЏі Rate limit at cell 8/55, waiting 30s...
  вЏі Rate limit at cell 8/55, waiting 30s...
  вЏі Rate limit at cell 8/55, waiting 30s...
  вЏі Rate limit at cell 8/55, waiting 30s...
  вЏі Rate limit at cell 10/55, waiting 30s...
  вЏі Rate limit at cell 10/55, waiting 30s...
  вЏі Rate limit at cell 10/55, waiting 30s...
  вЏі Rate limit at cell 10/55, waiting 30s...
  вЏі Rate limit at cell 11/55, waiting 30s...
  вЏі Rate limit at cell 11/55, waiting 30s...
  вЏі Rate limit at cell 12/55, waiting 30s...
  вЏі Rate limit at cell 13/55, waiting 30s...
  вЏі Rate limit at cell 13/55, waiting 30s...
  вЏі Rate limit at cell 15/55, waiting 30s...
  вЏі Rate limit at cell 15/55, waiting 30s...
  вЏі Rate limit at cell 15/55, waiting 30s...
  вЏі Rate limit at cell 15/55, waiting 30s...
  вЏі Rate limit at cell 16/55, waiting 30s...
  вЏі Rate limit at cell 16/55, waiting 30s...
  вЏі Rate limit at cell 18/55, waiting 30s...
  вЏі Rate limit at cell 18/55, waiting 30s...
  вЏі Rate limit at cell 19/55, waiting 30s...
  вЏі Rate limit at cell 19/55, waiting 30s...
  вЏі Rate limit at cell 21/55, waiting 30s...
  вЏі Rate limit at cell 22/55, waiting 30s...
  вЏі Rate limit at cell 22/55, waiting 30s...
  вЏі Rate limit at cell 22/55, waiting 30s...
  вЏі Rate limit at cell 23/55, waiting 30s...
  вЏі Rate limit at cell 23/55, waiting 30s...
  вЏі Rate limit at cell 25/55, waiting 30s...
  вЏі Rate limit at cell 25/55, waiting 30s...
  вЏі Rate limit at cell 26/55, waiting 30s...
  вЏі Rate limit at cell 28/55, waiting 30s...
  вЏі Rate limit at cell 28/55, waiting 30s...
  вЏі Rate limit at cell 28/55, waiting 30s...
  вЏі Rate limit at cell 28/55, waiting 30s...
  вЏі Rate limit at cell 28/55, waiting 30s...
  вЏі Rate limit at cell 29/55, waiting 30s...
  вЏі Rate limit at cell 29/55, waiting 30s...
  вЏі Rate limit at cell 29/55, waiting 30s...
  вЏі Rate limit at cell 29/55, waiting 30s...
  вЏі Rate limit at cell 29/55, waiting 30s...
  вЏі Rate limit at cell 30/55, waiting 30s...
  вЏі Rate limit at cell 30/55, waiting 30s...
  вЏі Rate limit at cell 30/55, waiting 30s...
  вЏі Rate limit at cell 30/55, waiting 30s...
  вЏі Rate limit at cell 30/55, waiting 30s...
  вЏі Rate limit at cell 30/55, waiting 30s...
  вЏі Rate limit at cell 30/55, waiting 30s...
  вЏі Rate limit at cell 31/55, waiting 30s...
  вЏі Rate limit at cell 31/55, waiting 30s...
  вЏі Rate limit at cell 32/55, waiting 30s...
  вЏі Rate limit at cell 33/55, waiting 30s...
  вЏі Rate limit at cell 33/55, waiting 30s...
  вЏі Rate limit at cell 33/55, waiting 30s...
  вЏі Rate limit at cell 33/55, waiting 30s...
  вЏі Rate limit at cell 34/55, waiting 30s...
  вЏі Rate limit at cell 34/55, waiting 30s...
  вЏі Rate limit at cell 35/55, waiting 30s...
  вЏі Rate limit at cell 35/55, waiting 30s...
  вЏі Rate limit at cell 36/55, waiting 30s...
  вЏі Rate limit at cell 36/55, waiting 30s...
  вЏі Rate limit at cell 36/55, waiting 30s...
  вЏі Rate limit at cell 37/55, waiting 30s...
  вЏі Rate limit at cell 37/55, waiting 30s...
  вЏі Rate limit at cell 38/55, waiting 30s...
  вЏі Rate limit at cell 38/55, waiting 30s...
  вЏі Rate limit at cell 38/55, waiting 30s...
  вЏі Rate limit at cell 39/55, waiting 30s...
  вЏі Rate limit at cell 39/55, waiting 30s...
  вЏі Rate limit at cell 40/55, waiting 30s...
  вЏі Rate limit at cell 40/55, waiting 30s...
  вЏі Rate limit at cell 40/55, waiting 30s...
  вЏі Rate limit at cell 40/55, waiting 30s...
  вЏі Rate limit at cell 42/55, waiting 30s...
  вЏі Rate limit at cell 42/55, waiting 30s...
  вЏі Rate limit at cell 42/55, waiting 30s...
  вЏі Rate limit at cell 43/55, waiting 30s...
  вќЊ Cell 43: 
  вќЊ Cell 44: 
  вќЊ Cell 45: 
  вќЊ Cell 46: 
  вќЊ Cell 47: 
  вќЊ Cell 48: 
  вќЊ Cell 49: 
  вќЊ Cell 50: 
  вќЊ Cell 51: 
  вќЊ Cell 52: 
  вќЊ Cell 53: 
  вќЊ Cell 54: 
  вќЊ Cell 55: 
  рџ•іпёЏ HГ¶hle: 10923 EintrГ¤ge

рџ”Ќ рџ§Ђ Alm/Jausenstation importieren...
  вќЊ Cell 1: 
  вќЊ Cell 2: 
  вќЊ Cell 3: 
  вќЊ Cell 4: 
  вќЊ Cell 5: 
  вќЊ Cell 6: 
  вќЊ Cell 7: 
  вќЊ Cell 8: 
  вќЊ Cell 9: 
  вќЊ Cell 10: 
  вќЊ Cell 11: 
  вќЊ Cell 12: 
  вќЊ Cell 13: 
  вќЊ Cell 14: 
  вќЊ Cell 15: 
  вќЊ Cell 16: 
  вќЊ Cell 17: 
  вќЊ Cell 18: 
  вќЊ Cell 19: 
  вќЊ Cell 20: 
  вќЊ Cell 21: 
  вќЊ Cell 22: 
  вќЊ Cell 23: 
  вќЊ Cell 24: 
  вќЊ Cell 25: 
  вќЊ Cell 26: 
  вќЊ Cell 27: 
  вќЊ Cell 28: 
  вќЊ Cell 29: 
  вќЊ Cell 30: 
  вќЊ Cell 31: 
  вќЊ Cell 32: 
  вќЊ Cell 33: 
  вќЊ Cell 34: 
  вќЊ Cell 35: 
  вќЊ Cell 36: 
  вќЊ Cell 37: 
  вќЊ Cell 38: 
  вќЊ Cell 39: 
  вќЊ Cell 40: 
  вќЊ Cell 41: 
  вќЊ Cell 42: 
  вќЊ Cell 43: 
  вќЊ Cell 44: 
  вќЊ Cell 45: 
  вќЊ Cell 46: 
  вќЊ Cell 47: 
  вќЊ Cell 48: 
  вќЊ Cell 49: 
  вќЊ Cell 50: 
  вќЊ Cell 51: 
  вќЊ Cell 52: 
  вќЊ Cell 53: 
  вќЊ Cell 54: 
  вќЊ Cell 55: 
  рџ§Ђ Alm/Jausenstation: 0 EintrГ¤ge

рџ”Ќ рџЏћпёЏ Klamm/Schlucht importieren...
  вќЊ Cell 1: 
  вќЊ Cell 2: 
  вќЊ Cell 3: 
  вќЊ Cell 4: 
  вќЊ Cell 5: 
  вќЊ Cell 6: 
  вќЊ Cell 7: 
  вќЊ Cell 8: 
  вќЊ Cell 9: 
  вќЊ Cell 10: 
  вќЊ Cell 11: 
  вќЊ Cell 12: 
  вќЊ Cell 13: 
  вќЊ Cell 14: 
  вќЊ Cell 15: 
  вќЊ Cell 16: 
  вќЊ Cell 17: 
  вќЊ Cell 18: 
  вќЊ Cell 19: 
  вќЊ Cell 20: 
  вќЊ Cell 21: 
  вќЊ Cell 22: 
  вќЊ Cell 23: 
  вќЊ Cell 24: 
  вќЊ Cell 25: 
  вќЊ Cell 26: 
  вќЊ Cell 27: 
  вќЊ Cell 28: 
  вќЊ Cell 29: 
  вќЊ Cell 30: 
  вќЊ Cell 31: 
  вќЊ Cell 32: 
  вќЊ Cell 33: 
  вќЊ Cell 34: 
  вќЊ Cell 35: 
  вќЊ Cell 36: 
  вќЊ Cell 37: 
  вќЊ Cell 38: 
  вќЊ Cell 39: 
  вќЊ Cell 40: 
  вќЊ Cell 41: 
  вќЊ Cell 42: 
  вќЊ Cell 43: 
  вќЊ Cell 44: 
  вќЊ Cell 45: 
  вќЊ Cell 46: 
  вќЊ Cell 47: 
  вќЊ Cell 48: 
  вќЊ Cell 49: 
  вќЊ Cell 50: 
  вќЊ Cell 51: 
  вќЊ Cell 52: 
  вќЊ Cell 53: 
  вќЊ Cell 54: 
  вќЊ Cell 55: 
  рџЏћпёЏ Klamm/Schlucht: 0 EintrГ¤ge

=== FERTIG ===
Ergebnis:
  Aussichtspunkt: 28418
  Wasserfall: 7905
  Burg/Schloss: 17375
  Kape  вќЊ Cell 48: 
  вќЊ Cell 49: 
  вќЊ Cell 50: 
  вќЊ Cell 51: 
  вќЊ Cell 52: 
  вќЊ Cell 53: 
  вќЊ Cell 54: 
  вќЊ Cell 55: 
  рџЏћпёЏ Klamm/Schlucht: 0 EintrГ¤ge

=== FERTIG ===
Ergebnis:
  Aussichtspunkt: 28418
  Wasserfall: 7905
  Burg/Schloss: 17375
  Kapelle/Kirche: 79401
  Denkmal/Monument: 87186
  Museum: 7384
  Bergsee: 16684
  HГ¶hle: 9618
  Alm/Jausenstation: 0
  Klamm/Schlucht: 0

Total: 253971 SehenswГјrdigkeiten in Supabase
